Using pre-set license
Built from '2022.3/staging' branch; Version is '2022.3.4f1 (35713cd46cd7) revision 3502396'; Using compiler version '192829333'; Build Type 'Release'
OS: 'Windows 11  (10.0.22631) 64bit Core' Language: 'pl' Physical Memory: 28524 MB
BatchMode: 1, IsHumanControllingUs: 0, StartBugReporterOnCrash: 0, Is64bit: 1, IsPro: 1

COMMAND LINE ARGUMENTS:
C:\Program Files\Unity\Hub\Editor\2022.3.4f1\Editor\Unity.exe
-adb2
-batchMode
-noUpm
-name
AssetImportWorker3
-projectPath
C:/Users/meles/Pulpit/informatyka/II sem mgr/mam/schooter
-logFile
Logs/AssetImportWorker3.log
-srvPort
57267
Successfully changed project path to: C:/Users/meles/Pulpit/informatyka/II sem mgr/mam/schooter
C:/Users/meles/Pulpit/informatyka/II sem mgr/mam/schooter
[UnityMemory] Configuration Parameters - Can be set up in boot.config
    "memorysetup-bucket-allocator-granularity=16"
    "memorysetup-bucket-allocator-bucket-count=8"
    "memorysetup-bucket-allocator-block-size=33554432"
    "memorysetup-bucket-allocator-block-count=8"
    "memorysetup-main-allocator-block-size=16777216"
    "memorysetup-thread-allocator-block-size=16777216"
    "memorysetup-gfx-main-allocator-block-size=16777216"
    "memorysetup-gfx-thread-allocator-block-size=16777216"
    "memorysetup-cache-allocator-block-size=4194304"
    "memorysetup-typetree-allocator-block-size=2097152"
    "memorysetup-profiler-bucket-allocator-granularity=16"
    "memorysetup-profiler-bucket-allocator-bucket-count=8"
    "memorysetup-profiler-bucket-allocator-block-size=33554432"
    "memorysetup-profiler-bucket-allocator-block-count=8"
    "memorysetup-profiler-allocator-block-size=16777216"
    "memorysetup-profiler-editor-allocator-block-size=1048576"
    "memorysetup-temp-allocator-size-main=16777216"
    "memorysetup-job-temp-allocator-block-size=2097152"
    "memorysetup-job-temp-allocator-block-size-background=1048576"
    "memorysetup-job-temp-allocator-reduction-small-platforms=262144"
    "memorysetup-allocator-temp-initial-block-size-main=262144"
    "memorysetup-allocator-temp-initial-block-size-worker=262144"
    "memorysetup-temp-allocator-size-background-worker=32768"
    "memorysetup-temp-allocator-size-job-worker=262144"
    "memorysetup-temp-allocator-size-preload-manager=33554432"
    "memorysetup-temp-allocator-size-nav-mesh-worker=65536"
    "memorysetup-temp-allocator-size-audio-worker=65536"
    "memorysetup-temp-allocator-size-cloud-worker=32768"
    "memorysetup-temp-allocator-size-gi-baking-worker=262144"
    "memorysetup-temp-allocator-size-gfx=262144"
Player connection [11504] Host "[IP] 192.168.56.1 [Port] 0 [Flags] 2 [Guid] 2934794873 [EditorId] 2934794873 [Version] 1048832 [Id] WindowsEditor(7,LAPTOP-CQ7G1MV4) [Debug] 1 [PackageName] WindowsEditor [ProjectName] Editor" joined multi-casting on [225.0.0.222:54997]...

Player connection [11504] Host "[IP] 192.168.56.1 [Port] 0 [Flags] 2 [Guid] 2934794873 [EditorId] 2934794873 [Version] 1048832 [Id] WindowsEditor(7,LAPTOP-CQ7G1MV4) [Debug] 1 [PackageName] WindowsEditor [ProjectName] Editor" joined alternative multi-casting on [225.0.0.222:34997]...

Refreshing native plugins compatible for Editor in 348.24 ms, found 3 plugins.
Preloading 0 native plugins for Editor in 0.00 ms.
Initialize engine version: 2022.3.4f1 (35713cd46cd7)
[Subsystems] Discovering subsystems at path C:/Program Files/Unity/Hub/Editor/2022.3.4f1/Editor/Data/Resources/UnitySubsystems
[Subsystems] Discovering subsystems at path C:/Users/meles/Pulpit/informatyka/II sem mgr/mam/schooter/Assets
GfxDevice: creating device client; threaded=0; jobified=0
Direct3D:
    Version:  Direct3D 11.0 [level 11.1]
    Renderer: Microsoft Basic Render Driver (ID=0x8c)
    Vendor:   Microsoft
    VRAM:     14262 MB
Initialize mono
Mono path[0] = 'C:/Program Files/Unity/Hub/Editor/2022.3.4f1/Editor/Data/Managed'
Mono path[1] = 'C:/Program Files/Unity/Hub/Editor/2022.3.4f1/Editor/Data/MonoBleedingEdge/lib/mono/unityjit-win32'
Mono config path = 'C:/Program Files/Unity/Hub/Editor/2022.3.4f1/Editor/Data/MonoBleedingEdge/etc'
Using monoOptions --debugger-agent=transport=dt_socket,embedding=1,server=y,suspend=n,address=127.0.0.1:56616
Begin MonoManager ReloadAssembly
Registering precompiled unity dll's ...
Register platform support module: C:/Program Files/Unity/Hub/Editor/2022.3.4f1/Editor/Data/PlaybackEngines/AndroidPlayer/UnityEditor.Android.Extensions.dll
Register platform support module: C:/Program Files/Unity/Hub/Editor/2022.3.4f1/Editor/Data/PlaybackEngines/WindowsStandaloneSupport/UnityEditor.WindowsStandalone.Extensions.dll
Registered in 0.008514 seconds.
- Loaded All Assemblies, in  1.131 seconds
Native extension for WindowsStandalone target not found
Native extension for Android target not found
Android Extension - Scanning For ADB Devices 659 ms
Mono: successfully reloaded assembly
- Finished resetting the current domain, in  1.691 seconds
Domain Reload Profiling: 2820ms
	BeginReloadAssembly (270ms)
		ExecutionOrderSort (0ms)
		DisableScriptedObjects (0ms)
		BackupInstance (0ms)
		ReleaseScriptingObjects (0ms)
		CreateAndSetChildDomain (1ms)
	RebuildCommonClasses (120ms)
	RebuildNativeTypeToScriptingClass (63ms)
	initialDomainReloadingComplete (147ms)
	LoadAllAssembliesAndSetupDomain (530ms)
		LoadAssemblies (266ms)
		RebuildTransferFunctionScriptingTraits (0ms)
		AnalyzeDomain (520ms)
			TypeCache.Refresh (519ms)
				TypeCache.ScanAssembly (430ms)
			ScanForSourceGeneratedMonoScriptInfo (0ms)
			ResolveRequiredComponents (1ms)
	FinalizeReload (1691ms)
		ReleaseScriptCaches (0ms)
		RebuildScriptCaches (0ms)
		SetupLoadedEditorAssemblies (1411ms)
			LogAssemblyErrors (0ms)
			InitializePlatformSupportModulesInManaged (1095ms)
			SetLoadedEditorAssemblies (3ms)
			RefreshPlugins (0ms)
			BeforeProcessingInitializeOnLoad (2ms)
			ProcessInitializeOnLoadAttributes (145ms)
			ProcessInitializeOnLoadMethodAttributes (166ms)
			AfterProcessingInitializeOnLoad (0ms)
			EditorAssembliesLoaded (0ms)
		ExecutionOrderSort2 (0ms)
		AwakeInstancesAfterBackupRestoration (0ms)
========================================================================
Worker process is ready to serve import requests
Begin MonoManager ReloadAssembly
Symbol file LoadedFromMemory doesn't match image C:\Users\meles\Pulpit\informatyka\II sem mgr\mam\schooter\Library\PackageCache\com.unity.visualscripting@1.8.0\Editor\VisualScripting.Core\Dependencies\YamlDotNet\Unity.VisualScripting.YamlDotNet.dll
Symbol file LoadedFromMemory doesn't match image C:\Users\meles\Pulpit\informatyka\II sem mgr\mam\schooter\Library\PackageCache\com.unity.visualscripting@1.8.0\Editor\VisualScripting.Core\Dependencies\DotNetZip\Unity.VisualScripting.IonicZip.dll
- Loaded All Assemblies, in  0.575 seconds
Refreshing native plugins compatible for Editor in 4.84 ms, found 3 plugins.
Native extension for WindowsStandalone target not found
Native extension for Android target not found
Mono: successfully reloaded assembly
Package Manager log level set to [2]
[Package Manager] Server::EnsureServerProcessIsRunning -- launch failed, reason: Unity was launched with the -noUpm command-line argument
[Package Manager] UpmClient::Send -- Unable to send message (not connected to UPM process).
[Package Manager] Cannot connect to Unity Package Manager local server
[Package Manager] Server::EnsureServerProcessIsRunning -- launch failed, reason: Unity was launched with the -noUpm command-line argument
[Package Manager] UpmClient::Send -- Unable to send message (not connected to UPM process).
[Package Manager] Cannot connect to Unity Package Manager local server
- Finished resetting the current domain, in  0.449 seconds
Domain Reload Profiling: 1022ms
	BeginReloadAssembly (113ms)
		ExecutionOrderSort (0ms)
		DisableScriptedObjects (6ms)
		BackupInstance (0ms)
		ReleaseScriptingObjects (0ms)
		CreateAndSetChildDomain (23ms)
	RebuildCommonClasses (26ms)
	RebuildNativeTypeToScriptingClass (8ms)
	initialDomainReloadingComplete (37ms)
	LoadAllAssembliesAndSetupDomain (388ms)
		LoadAssemblies (201ms)
		RebuildTransferFunctionScriptingTraits (0ms)
		AnalyzeDomain (234ms)
			TypeCache.Refresh (219ms)
				TypeCache.ScanAssembly (208ms)
			ScanForSourceGeneratedMonoScriptInfo (12ms)
			ResolveRequiredComponents (3ms)
	FinalizeReload (449ms)
		ReleaseScriptCaches (0ms)
		RebuildScriptCaches (0ms)
		SetupLoadedEditorAssemblies (309ms)
			LogAssemblyErrors (0ms)
			InitializePlatformSupportModulesInManaged (21ms)
			SetLoadedEditorAssemblies (3ms)
			RefreshPlugins (0ms)
			BeforeProcessingInitializeOnLoad (52ms)
			ProcessInitializeOnLoadAttributes (212ms)
			ProcessInitializeOnLoadMethodAttributes (16ms)
			AfterProcessingInitializeOnLoad (5ms)
			EditorAssembliesLoaded (0ms)
		ExecutionOrderSort2 (0ms)
		AwakeInstancesAfterBackupRestoration (5ms)
Launched and connected shader compiler UnityShaderCompiler.exe after 0.04 seconds
Refreshing native plugins compatible for Editor in 4.30 ms, found 3 plugins.
Preloading 0 native plugins for Editor in 0.00 ms.
Unloading 3175 Unused Serialized files (Serialized files now loaded: 0)
Unloading 45 unused Assets / (63.4 KB). Loaded Objects now: 3630.
Memory consumption went from 124.5 MB to 124.5 MB.
Total: 2.993600 ms (FindLiveObjects: 0.222700 ms CreateObjectMapping: 0.098800 ms MarkObjects: 2.548300 ms  DeleteObjects: 0.122600 ms)

AssetImportParameters requested are different than current active one (requested -> active):
  custom:container-demuxer-ogg: 62fdf1f143b41e24485cea50d1cbac27 -> 
  custom:video-codec-MediaFoundation-h265: 746d11721c4dcdbdad8f713fa42b33f4 -> 
  custom:video-decoder-ogg-theora: a1e56fd34408186e4bbccfd4996cb3dc -> 
  custom:framework-win-MediaFoundation: 216162199b28c13a410421893ffa2e32 -> 
  custom:CustomObjectIndexerAttribute: 756ad292c208cfabdd7b50bc23989ffe -> 
  custom:container-demuxer-webm: 4f35f7cbe854078d1ac9338744f61a02 -> 
  custom:container-muxer-webm: aa71ff27fc2769a1b78a27578f13a17b -> 
  custom:video-decoder-webm-vp8: 9c59270c3fd7afecdb556c50c9e8de78 -> 
  custom:AudioImporter_EditorPlatform: d09bf68614088b80899f8185d706f6e7 -> 
  custom:video-encoder-webm-vp8: eb34c28f22e8b96e1ab97ce403110664 -> 
  custom:audio-decoder-ogg-vorbis: bf7c407c2cedff20999df2af8eb42d56 -> 
  custom:audio-encoder-webm-vorbis: bf7c407c2cedff20999df2af8eb42d56 -> 
========================================================================
Received Import Request.
  Time since last request: 101406.568398 seconds.
  path: Assets/POLYGON weapons/Show_scene_unofficial/dummy_prefab.prefab
  artifactKey: Guid(9fbaf23d0e2e61d4086217df83694f06) Importer(815301076,1909f56bfc062723c751e8b465ee728b)
Start importing Assets/POLYGON weapons/Show_scene_unofficial/dummy_prefab.prefab using Guid(9fbaf23d0e2e61d4086217df83694f06) Importer(815301076,1909f56bfc062723c751e8b465ee728b)  -> (artifact id: '5136ffd53f59feccfbf6818c421a8ff5') in 0.228555 seconds
Number of updated asset objects reloaded before import = 0
Number of asset objects unloaded after import = 47
========================================================================
Received Import Request.
  Time since last request: 3.111230 seconds.
  path: Assets/POLYGON weapons/Scenes/Show_scene/Lightmap-0_comp_light.exr
  artifactKey: Guid(df7e6e9f1d734644f997734d4be56aeb) Importer(815301076,1909f56bfc062723c751e8b465ee728b)
Start importing Assets/POLYGON weapons/Scenes/Show_scene/Lightmap-0_comp_light.exr using Guid(df7e6e9f1d734644f997734d4be56aeb) Importer(815301076,1909f56bfc062723c751e8b465ee728b)  -> (artifact id: 'be7af8c234371ce9f784a6a003f17f30') in 0.123678 seconds
Number of updated asset objects reloaded before import = 0
Number of asset objects unloaded after import = 2
========================================================================
Received Import Request.
  Time since last request: 0.000036 seconds.
  path: Assets/POLYGON weapons/Scenes/Show_scene/Lightmap-3_comp_light.exr
  artifactKey: Guid(e2ffade4dc11ea84aa3c7111ae397f6e) Importer(815301076,1909f56bfc062723c751e8b465ee728b)
Start importing Assets/POLYGON weapons/Scenes/Show_scene/Lightmap-3_comp_light.exr using Guid(e2ffade4dc11ea84aa3c7111ae397f6e) Importer(815301076,1909f56bfc062723c751e8b465ee728b)  -> (artifact id: '88b62e7fecf1728b0d8bf6c4b247c639') in 0.154503 seconds
Number of updated asset objects reloaded before import = 0
Number of asset objects unloaded after import = 2
========================================================================
Received Import Request.
  Time since last request: 0.000025 seconds.
  path: Assets/POLYGON weapons/Scenes/Show_scene/Lightmap-1_comp_light.exr
  artifactKey: Guid(839eddac4d59eea43b2593471af7afb2) Importer(815301076,1909f56bfc062723c751e8b465ee728b)
Start importing Assets/POLYGON weapons/Scenes/Show_scene/Lightmap-1_comp_light.exr using Guid(839eddac4d59eea43b2593471af7afb2) Importer(815301076,1909f56bfc062723c751e8b465ee728b)  -> (artifact id: '9affde88c55aea12bd7e748ae934c2ce') in 0.169038 seconds
Number of updated asset objects reloaded before import = 0
Number of asset objects unloaded after import = 2
========================================================================
Received Import Request.
  Time since last request: 0.000020 seconds.
  path: Assets/POLYGON weapons/Scenes/Show_scene/Lightmap-3_comp_dir.png
  artifactKey: Guid(5c18116cdd2b00242b4b8bf47d4ed5df) Importer(815301076,1909f56bfc062723c751e8b465ee728b)
Start importing Assets/POLYGON weapons/Scenes/Show_scene/Lightmap-3_comp_dir.png using Guid(5c18116cdd2b00242b4b8bf47d4ed5df) Importer(815301076,1909f56bfc062723c751e8b465ee728b)  -> (artifact id: '2824ab10ceee21734a61268510145c3c') in 0.035923 seconds
Number of updated asset objects reloaded before import = 0
Number of asset objects unloaded after import = 2
========================================================================
Received Import Request.
  Time since last request: 39.552605 seconds.
  path: Assets/POLYGON weapons/Assets_official/bullet_shells_assets/7,62x39_prefab.prefab
  artifactKey: Guid(9cf0be2ddff504949b6874bc926b796f) Importer(815301076,1909f56bfc062723c751e8b465ee728b)
Start importing Assets/POLYGON weapons/Assets_official/bullet_shells_assets/7,62x39_prefab.prefab using Guid(9cf0be2ddff504949b6874bc926b796f) Importer(815301076,1909f56bfc062723c751e8b465ee728b)  -> (artifact id: '52ce0e73cb6a5ca7d64a18db90436cf2') in 0.052434 seconds
Number of updated asset objects reloaded before import = 0
Number of asset objects unloaded after import = 18
========================================================================
Received Import Request.
  Time since last request: 0.000018 seconds.
  path: Assets/POLYGON weapons/Assets_official/bullet_shells_assets/7,62x54_prefab.prefab
  artifactKey: Guid(072b09f469defef4a91d31f821873a7b) Importer(815301076,1909f56bfc062723c751e8b465ee728b)
Start importing Assets/POLYGON weapons/Assets_official/bullet_shells_assets/7,62x54_prefab.prefab using Guid(072b09f469defef4a91d31f821873a7b) Importer(815301076,1909f56bfc062723c751e8b465ee728b)  -> (artifact id: 'e0c432b1c8ae7a4356954cd8a4fefbd4') in 0.032169 seconds
Number of updated asset objects reloaded before import = 0
Number of asset objects unloaded after import = 18
========================================================================
Received Import Request.
  Time since last request: 0.000015 seconds.
  path: Assets/POLYGON weapons/Assets_official/bullet_shells_assets/M32_40mm_grenade_prefab.prefab
  artifactKey: Guid(4eff889102226024d8f08b667f8b2971) Importer(815301076,1909f56bfc062723c751e8b465ee728b)
Start importing Assets/POLYGON weapons/Assets_official/bullet_shells_assets/M32_40mm_grenade_prefab.prefab using Guid(4eff889102226024d8f08b667f8b2971) Importer(815301076,1909f56bfc062723c751e8b465ee728b)  -> (artifact id: '71fa2f6565657d84f4b7a21e4d80b3be') in 0.017849 seconds
Number of updated asset objects reloaded before import = 0
Number of asset objects unloaded after import = 18
========================================================================
Received Import Request.
  Time since last request: 0.000017 seconds.
  path: Assets/POLYGON weapons/Assets_official/bullet_shells_assets/12gauge_prefab.prefab
  artifactKey: Guid(04c87384bf0fddd4ebdcf2aeeb697997) Importer(815301076,1909f56bfc062723c751e8b465ee728b)
Start importing Assets/POLYGON weapons/Assets_official/bullet_shells_assets/12gauge_prefab.prefab using Guid(04c87384bf0fddd4ebdcf2aeeb697997) Importer(815301076,1909f56bfc062723c751e8b465ee728b)  -> (artifact id: '08078f59be007bcda6a77a8f9d859206') in 0.037933 seconds
Number of updated asset objects reloaded before import = 0
Number of asset objects unloaded after import = 18
========================================================================
Received Import Request.
  Time since last request: 59.504770 seconds.
  path: Assets/POLYGON weapons/Assets_official/Equipment_assets/lamp_laser_a_prefab.prefab
  artifactKey: Guid(41171b73986a29e40aac4ae0eeb045fd) Importer(815301076,1909f56bfc062723c751e8b465ee728b)
Start importing Assets/POLYGON weapons/Assets_official/Equipment_assets/lamp_laser_a_prefab.prefab using Guid(41171b73986a29e40aac4ae0eeb045fd) Importer(815301076,1909f56bfc062723c751e8b465ee728b)  -> (artifact id: 'fff93afd54fbfb2f1b69920badb0baf9') in 0.051146 seconds
Number of updated asset objects reloaded before import = 0
Number of asset objects unloaded after import = 18
========================================================================
Received Import Request.
  Time since last request: 0.000017 seconds.
  path: Assets/POLYGON weapons/Assets_official/Equipment_assets/suppressor_c_prefab.prefab
  artifactKey: Guid(ee17032d57e5de849b25c4adb62dc1b2) Importer(815301076,1909f56bfc062723c751e8b465ee728b)
Start importing Assets/POLYGON weapons/Assets_official/Equipment_assets/suppressor_c_prefab.prefab using Guid(ee17032d57e5de849b25c4adb62dc1b2) Importer(815301076,1909f56bfc062723c751e8b465ee728b)  -> (artifact id: '426006e9d2f3c37a7a8a37d86bbe2e29') in 0.017706 seconds
Number of updated asset objects reloaded before import = 0
Number of asset objects unloaded after import = 18
========================================================================
Received Import Request.
  Time since last request: 0.000019 seconds.
  path: Assets/POLYGON weapons/Assets_official/Equipment_assets/red_dot_a_prefab.prefab
  artifactKey: Guid(b9560f0929277e145b600f0082c84b5d) Importer(815301076,1909f56bfc062723c751e8b465ee728b)
Start importing Assets/POLYGON weapons/Assets_official/Equipment_assets/red_dot_a_prefab.prefab using Guid(b9560f0929277e145b600f0082c84b5d) Importer(815301076,1909f56bfc062723c751e8b465ee728b)  -> (artifact id: '2d3c7fd378a62662567a25fa5623b806') in 0.064441 seconds
Number of updated asset objects reloaded before import = 0
Number of asset objects unloaded after import = 38
========================================================================
Received Import Request.
  Time since last request: 0.000018 seconds.
  path: Assets/POLYGON weapons/Assets_official/Equipment_assets/red_dot_d_prefab.prefab
  artifactKey: Guid(ddb93efe74bade049bccef0ed5f14890) Importer(815301076,1909f56bfc062723c751e8b465ee728b)
Start importing Assets/POLYGON weapons/Assets_official/Equipment_assets/red_dot_d_prefab.prefab using Guid(ddb93efe74bade049bccef0ed5f14890) Importer(815301076,1909f56bfc062723c751e8b465ee728b)  -> (artifact id: 'ce2c0572f2f5d2e47e30b2c9124ecd67') in 0.052849 seconds
Number of updated asset objects reloaded before import = 0
Number of asset objects unloaded after import = 39
========================================================================
Received Import Request.
  Time since last request: 0.000025 seconds.
  path: Assets/POLYGON weapons/Assets_official/Equipment_assets/scope_c_prefab.prefab
  artifactKey: Guid(46215f485cc2c8943985f0fd31ba7a83) Importer(815301076,1909f56bfc062723c751e8b465ee728b)
Start importing Assets/POLYGON weapons/Assets_official/Equipment_assets/scope_c_prefab.prefab using Guid(46215f485cc2c8943985f0fd31ba7a83) Importer(815301076,1909f56bfc062723c751e8b465ee728b)  -> (artifact id: '40205f9af9884e92db2c8881bd138089') in 0.093358 seconds
Number of updated asset objects reloaded before import = 0
Number of asset objects unloaded after import = 55
Editor requested this worker to shutdown with reason: Scaling down because of idle timeout
TcpMessagingSession - receive error: operation aborted. errorcode: 995, details: Operacja We/Wy zosta³a przerwana z powodu zakoñczenia w¹tku lub ¿¹dania aplikacji.
AssetImportWorker is now disconnected from the server
Process exiting
Exiting without the bug reporter. Application will terminate with return code 0